build/app/intermediates/manifest_merge_blame_file/debug/manifest-merger-blame-debug-report.txt
1<?xml version="1.0" encoding="utf-8"?>
2<manifest xmlns:android="http://schemas.android.com/apk/res/android"
3    package="com.example.demo"
4    android:versionCode="1"
5    android:versionName="1.0.0" >
6
7    <uses-sdk
8        android:minSdkVersion="21"
9        android:targetSdkVersion="33" />
10    <!--
11         The INTERNET permission is required for development. Specifically,
12         the Flutter tool needs it to communicate with the running application
13         to allow setting breakpoints, to provide hot reload, etc.
14    -->
15    <uses-permission android:name="android.permission.INTERNET" />
15-->src\debug\AndroidManifest.xml:6:5-66
15-->src\debug\AndroidManifest.xml:6:22-64
16    <uses-permission android:name="android.permission.ACCESS_NETWORK_STATE" />
16-->[:connectivity_plus] AndroidManifest.xml:9:5-79
16-->[:connectivity_plus] AndroidManifest.xml:9:22-76
17
18    <queries>
18-->[com.facebook.android:facebook-common:16.2.0] AndroidManifest.xml:17:5-19:15
19        <package android:name="com.facebook.katana" />
19-->[com.facebook.android:facebook-common:16.2.0] AndroidManifest.xml:18:9-55
19-->[com.facebook.android:facebook-common:16.2.0] AndroidManifest.xml:18:18-52
20    </queries>
21
22    <uses-permission android:name="com.google.android.gms.permission.AD_ID" />
22-->[com.facebook.android:facebook-core:16.2.0] AndroidManifest.xml:16:5-79
22-->[com.facebook.android:facebook-core:16.2.0] AndroidManifest.xml:16:22-76
23    <uses-permission android:name="com.google.android.finsky.permission.BIND_GET_INSTALL_REFERRER_SERVICE" /> <!-- <uses-permission android:name="android.permission.INTERNET"/> -->
23-->[com.android.installreferrer:installreferrer:1.0] AndroidManifest.xml:9:5-110
23-->[com.android.installreferrer:installreferrer:1.0] AndroidManifest.xml:9:22-107
24    <application
25        android:name="android.app.Application"
26        android:appComponentFactory="androidx.core.app.CoreComponentFactory"
26-->[androidx.core:core:1.6.0] AndroidManifest.xml:24:18-86
27        android:debuggable="true"
28        android:icon="@mipmap/ic_launcher"
29        android:label="demo"
30        android:supportsRtl="true" >
30-->[com.facebook.android:facebook-login:16.2.0] AndroidManifest.xml:16:18-44
31        <activity
32            android:name="com.example.demo.MainActivity"
33            android:configChanges="orientation|keyboardHidden|keyboard|screenSize|smallestScreenSize|locale|layoutDirection|fontScale|screenLayout|density|uiMode"
34            android:exported="true"
35            android:hardwareAccelerated="true"
36            android:launchMode="singleTop"
37            android:theme="@style/LaunchTheme"
38            android:windowSoftInputMode="adjustResize" >
39
40            <!--
41                 Specifies an Android theme to apply to this Activity as soon as
42                 the Android process has started. This theme is visible to the user
43                 while the Flutter UI initializes. After that, this theme continues
44                 to determine the Window background behind the Flutter UI.
45            -->
46
47            <meta-data
48                android:name="io.flutter.embedding.android.NormalTheme"
49                android:resource="@style/NormalTheme" />
50
51            <intent-filter>
52                <action android:name="android.intent.action.MAIN" />
53
54                <category android:name="android.intent.category.LAUNCHER" />
55            </intent-filter>
56        </activity>
57
58        <!--
59        <activity android:name="com.facebook.FacebookActivity"
60            android:configChanges=
61                    "keyboard|keyboardHidden|screenLayout|screenSize|orientation"
62            android:label="@string/app_name" />
63        <activity
64            android:name="com.facebook.CustomTabActivity"
65            android:exported="true">
66            <intent-filter>
67                <action android:name="android.intent.action.VIEW" />
68                <category android:name="android.intent.category.DEFAULT" />
69                <category android:name="android.intent.category.BROWSABLE" />
70                <data android:scheme="@string/fb_login_protocol_scheme" />
71            </intent-filter>
72        </activity>
73        -->
74
75
76        <!--
77             Don't delete the meta-data below.
78             This is used by the Flutter tool to generate GeneratedPluginRegistrant.java
79        -->
80
81
82        <!--
83        <meta-data android:name="com.facebook.sdk.ApplicationId" android:value="@string/facebook_app_id"/>
84        <meta-data android:name="com.facebook.sdk.ClientToken" android:value="@string/facebook_client_token"/>
85        -->
86
87        <meta-data
88            android:name="flutterEmbedding"
89            android:value="2" />
90
91        <service
91-->[:firebase_auth] AndroidManifest.xml:10:9-14:19
92            android:name="com.google.firebase.components.ComponentDiscoveryService"
92-->[:firebase_auth] AndroidManifest.xml:10:18-89
93            android:directBootAware="true"
93-->[com.google.firebase:firebase-common:20.4.2] AndroidManifest.xml:32:13-43
94            android:exported="false" >
94-->[com.google.firebase:firebase-auth:22.3.0] AndroidManifest.xml:68:13-37
95            <meta-data
95-->[:firebase_auth] AndroidManifest.xml:11:13-13:85
96                android:name="com.google.firebase.components:io.flutter.plugins.firebase.auth.FlutterFirebaseAuthRegistrar"
96-->[:firebase_auth] AndroidManifest.xml:12:17-124
97                android:value="com.google.firebase.components.ComponentRegistrar" />
97-->[:firebase_auth] AndroidManifest.xml:13:17-82
98            <meta-data
98-->[:cloud_firestore] AndroidManifest.xml:11:13-13:85
99                android:name="com.google.firebase.components:io.flutter.plugins.firebase.firestore.FlutterFirebaseFirestoreRegistrar"
99-->[:cloud_firestore] AndroidManifest.xml:12:17-134
100                android:value="com.google.firebase.components.ComponentRegistrar" />
100-->[:cloud_firestore] AndroidManifest.xml:13:17-82
101            <meta-data
101-->[:firebase_core] AndroidManifest.xml:11:13-13:85
102                android:name="com.google.firebase.components:io.flutter.plugins.firebase.core.FlutterFirebaseCoreRegistrar"
102-->[:firebase_core] AndroidManifest.xml:12:17-124
103                android:value="com.google.firebase.components.ComponentRegistrar" />
103-->[:firebase_core] AndroidManifest.xml:13:17-82
104            <meta-data
104-->[com.google.firebase:firebase-auth:22.3.0] AndroidManifest.xml:69:13-71:85
105                android:name="com.google.firebase.components:com.google.firebase.auth.FirebaseAuthRegistrar"
105-->[com.google.firebase:firebase-auth:22.3.0] AndroidManifest.xml:70:17-109
106                android:value="com.google.firebase.components.ComponentRegistrar" />
106-->[com.google.firebase:firebase-auth:22.3.0] AndroidManifest.xml:71:17-82
107            <meta-data
107-->[com.google.firebase:firebase-firestore:24.9.1] AndroidManifest.xml:17:13-19:85
108                android:name="com.google.firebase.components:com.google.firebase.firestore.FirebaseFirestoreKtxRegistrar"
108-->[com.google.firebase:firebase-firestore:24.9.1] AndroidManifest.xml:18:17-122
109                android:value="com.google.firebase.components.ComponentRegistrar" />
109-->[com.google.firebase:firebase-firestore:24.9.1] AndroidManifest.xml:19:17-82
110            <meta-data
110-->[com.google.firebase:firebase-firestore:24.9.1] AndroidManifest.xml:20:13-22:85
111                android:name="com.google.firebase.components:com.google.firebase.firestore.FirestoreRegistrar"
111-->[com.google.firebase:firebase-firestore:24.9.1] AndroidManifest.xml:21:17-111
112                android:value="com.google.firebase.components.ComponentRegistrar" />
112-->[com.google.firebase:firebase-firestore:24.9.1] AndroidManifest.xml:22:17-82
113            <meta-data
113-->[com.google.firebase:firebase-common-ktx:20.4.2] AndroidManifest.xml:12:13-14:85
114                android:name="com.google.firebase.components:com.google.firebase.ktx.FirebaseCommonLegacyRegistrar"
114-->[com.google.firebase:firebase-common-ktx:20.4.2] AndroidManifest.xml:13:17-116
115                android:value="com.google.firebase.components.ComponentRegistrar" />
115-->[com.google.firebase:firebase-common-ktx:20.4.2] AndroidManifest.xml:14:17-82
116            <meta-data
116-->[com.google.firebase:firebase-common:20.4.2] AndroidManifest.xml:35:13-37:85
117                android:name="com.google.firebase.components:com.google.firebase.FirebaseCommonKtxRegistrar"
117-->[com.google.firebase:firebase-common:20.4.2] AndroidManifest.xml:36:17-109
118                android:value="com.google.firebase.components.ComponentRegistrar" />
118-->[com.google.firebase:firebase-common:20.4.2] AndroidManifest.xml:37:17-82
119        </service>
120
121        <activity
121-->[com.google.firebase:firebase-auth:22.3.0] AndroidManifest.xml:29:9-46:20
122            android:name="com.google.firebase.auth.internal.GenericIdpActivity"
122-->[com.google.firebase:firebase-auth:22.3.0] AndroidManifest.xml:30:13-80
123            android:excludeFromRecents="true"
123-->[com.google.firebase:firebase-auth:22.3.0] AndroidManifest.xml:31:13-46
124            android:exported="true"
124-->[com.google.firebase:firebase-auth:22.3.0] AndroidManifest.xml:32:13-36
125            android:launchMode="singleTask"
125-->[com.google.firebase:firebase-auth:22.3.0] AndroidManifest.xml:33:13-44
126            android:theme="@android:style/Theme.Translucent.NoTitleBar" >
126-->[com.google.firebase:firebase-auth:22.3.0] AndroidManifest.xml:34:13-72
127            <intent-filter>
127-->[com.google.firebase:firebase-auth:22.3.0] AndroidManifest.xml:35:13-45:29
128                <action android:name="android.intent.action.VIEW" />
128-->[com.google.firebase:firebase-auth:22.3.0] AndroidManifest.xml:36:17-69
128-->[com.google.firebase:firebase-auth:22.3.0] AndroidManifest.xml:36:25-66
129
130                <category android:name="android.intent.category.DEFAULT" />
130-->[com.google.firebase:firebase-auth:22.3.0] AndroidManifest.xml:38:17-76
130-->[com.google.firebase:firebase-auth:22.3.0] AndroidManifest.xml:38:27-73
131                <category android:name="android.intent.category.BROWSABLE" />
131-->[com.google.firebase:firebase-auth:22.3.0] AndroidManifest.xml:39:17-78
131-->[com.google.firebase:firebase-auth:22.3.0] AndroidManifest.xml:39:27-75
132
133                <data
133-->[com.google.firebase:firebase-auth:22.3.0] AndroidManifest.xml:41:17-44:51
134                    android:host="firebase.auth"
134-->[com.google.firebase:firebase-auth:22.3.0] AndroidManifest.xml:42:21-49
135                    android:path="/"
135-->[com.google.firebase:firebase-auth:22.3.0] AndroidManifest.xml:43:21-37
136                    android:scheme="genericidp" />
136-->[com.google.firebase:firebase-auth:22.3.0] AndroidManifest.xml:44:21-48
137            </intent-filter>
138        </activity>
139        <activity
139-->[com.google.firebase:firebase-auth:22.3.0] AndroidManifest.xml:47:9-64:20
140            android:name="com.google.firebase.auth.internal.RecaptchaActivity"
140-->[com.google.firebase:firebase-auth:22.3.0] AndroidManifest.xml:48:13-79
141            android:excludeFromRecents="true"
141-->[com.google.firebase:firebase-auth:22.3.0] AndroidManifest.xml:49:13-46
142            android:exported="true"
142-->[com.google.firebase:firebase-auth:22.3.0] AndroidManifest.xml:50:13-36
143            android:launchMode="singleTask"
143-->[com.google.firebase:firebase-auth:22.3.0] AndroidManifest.xml:51:13-44
144            android:theme="@android:style/Theme.Translucent.NoTitleBar" >
144-->[com.google.firebase:firebase-auth:22.3.0] AndroidManifest.xml:52:13-72
145            <intent-filter>
145-->[com.google.firebase:firebase-auth:22.3.0] AndroidManifest.xml:53:13-63:29
146                <action android:name="android.intent.action.VIEW" />
146-->[com.google.firebase:firebase-auth:22.3.0] AndroidManifest.xml:36:17-69
146-->[com.google.firebase:firebase-auth:22.3.0] AndroidManifest.xml:36:25-66
147
148                <category android:name="android.intent.category.DEFAULT" />
148-->[com.google.firebase:firebase-auth:22.3.0] AndroidManifest.xml:38:17-76
148-->[com.google.firebase:firebase-auth:22.3.0] AndroidManifest.xml:38:27-73
149                <category android:name="android.intent.category.BROWSABLE" />
149-->[com.google.firebase:firebase-auth:22.3.0] AndroidManifest.xml:39:17-78
149-->[com.google.firebase:firebase-auth:22.3.0] AndroidManifest.xml:39:27-75
150
151                <data
151-->[com.google.firebase:firebase-auth:22.3.0] AndroidManifest.xml:41:17-44:51
152                    android:host="firebase.auth"
152-->[com.google.firebase:firebase-auth:22.3.0] AndroidManifest.xml:42:21-49
153                    android:path="/"
153-->[com.google.firebase:firebase-auth:22.3.0] AndroidManifest.xml:43:21-37
154                    android:scheme="recaptcha" />
154-->[com.google.firebase:firebase-auth:22.3.0] AndroidManifest.xml:44:21-48
155            </intent-filter>
156        </activity>
157
158        <provider
158-->[com.google.firebase:firebase-common:20.4.2] AndroidManifest.xml:23:9-28:39
159            android:name="com.google.firebase.provider.FirebaseInitProvider"
159-->[com.google.firebase:firebase-common:20.4.2] AndroidManifest.xml:24:13-77
160            android:authorities="com.example.demo.firebaseinitprovider"
160-->[com.google.firebase:firebase-common:20.4.2] AndroidManifest.xml:25:13-72
161            android:directBootAware="true"
161-->[com.google.firebase:firebase-common:20.4.2] AndroidManifest.xml:26:13-43
162            android:exported="false"
162-->[com.google.firebase:firebase-common:20.4.2] AndroidManifest.xml:27:13-37
163            android:initOrder="100" />
163-->[com.google.firebase:firebase-common:20.4.2] AndroidManifest.xml:28:13-36
164
165        <uses-library
165-->[androidx.window:window:1.0.0-beta04] AndroidManifest.xml:25:9-27:40
166            android:name="androidx.window.extensions"
166-->[androidx.window:window:1.0.0-beta04] AndroidManifest.xml:26:13-54
167            android:required="false" />
167-->[androidx.window:window:1.0.0-beta04] AndroidManifest.xml:27:13-37
168        <uses-library
168-->[androidx.window:window:1.0.0-beta04] AndroidManifest.xml:28:9-30:40
169            android:name="androidx.window.sidecar"
169-->[androidx.window:window:1.0.0-beta04] AndroidManifest.xml:29:13-51
170            android:required="false" />
170-->[androidx.window:window:1.0.0-beta04] AndroidManifest.xml:30:13-37
171
172        <activity
172-->[com.facebook.android:facebook-common:16.2.0] AndroidManifest.xml:22:9-25:66
173            android:name="com.facebook.FacebookActivity"
173-->[com.facebook.android:facebook-common:16.2.0] AndroidManifest.xml:23:13-57
174            android:configChanges="keyboard|keyboardHidden|screenLayout|screenSize|orientation"
174-->[com.facebook.android:facebook-common:16.2.0] AndroidManifest.xml:24:13-96
175            android:theme="@style/com_facebook_activity_theme" />
175-->[com.facebook.android:facebook-common:16.2.0] AndroidManifest.xml:25:13-63
176        <activity android:name="com.facebook.CustomTabMainActivity" />
176-->[com.facebook.android:facebook-common:16.2.0] AndroidManifest.xml:26:9-71
176-->[com.facebook.android:facebook-common:16.2.0] AndroidManifest.xml:26:19-68
177        <activity
177-->[com.facebook.android:facebook-common:16.2.0] AndroidManifest.xml:27:9-41:20
178            android:name="com.facebook.CustomTabActivity"
178-->[com.facebook.android:facebook-common:16.2.0] AndroidManifest.xml:28:13-58
179            android:exported="true" >
179-->[com.facebook.android:facebook-common:16.2.0] AndroidManifest.xml:29:13-36
180            <intent-filter>
180-->[com.facebook.android:facebook-common:16.2.0] AndroidManifest.xml:31:13-40:29
181                <action android:name="android.intent.action.VIEW" />
181-->[com.google.firebase:firebase-auth:22.3.0] AndroidManifest.xml:36:17-69
181-->[com.google.firebase:firebase-auth:22.3.0] AndroidManifest.xml:36:25-66
182
183                <category android:name="android.intent.category.DEFAULT" />
183-->[com.google.firebase:firebase-auth:22.3.0] AndroidManifest.xml:38:17-76
183-->[com.google.firebase:firebase-auth:22.3.0] AndroidManifest.xml:38:27-73
184                <category android:name="android.intent.category.BROWSABLE" />
184-->[com.google.firebase:firebase-auth:22.3.0] AndroidManifest.xml:39:17-78
184-->[com.google.firebase:firebase-auth:22.3.0] AndroidManifest.xml:39:27-75
185
186                <data
186-->[com.google.firebase:firebase-auth:22.3.0] AndroidManifest.xml:41:17-44:51
187                    android:host="cct.com.example.demo"
187-->[com.google.firebase:firebase-auth:22.3.0] AndroidManifest.xml:42:21-49
188                    android:scheme="fbconnect" />
188-->[com.google.firebase:firebase-auth:22.3.0] AndroidManifest.xml:44:21-48
189            </intent-filter>
190        </activity>
191        <activity
191-->[com.google.android.gms:play-services-auth:20.7.0] AndroidManifest.xml:23:9-27:75
192            android:name="com.google.android.gms.auth.api.signin.internal.SignInHubActivity"
192-->[com.google.android.gms:play-services-auth:20.7.0] AndroidManifest.xml:24:13-93
193            android:excludeFromRecents="true"
193-->[com.google.android.gms:play-services-auth:20.7.0] AndroidManifest.xml:25:13-46
194            android:exported="false"
194-->[com.google.android.gms:play-services-auth:20.7.0] AndroidManifest.xml:26:13-37
195            android:theme="@android:style/Theme.Translucent.NoTitleBar" />
195-->[com.google.android.gms:play-services-auth:20.7.0] AndroidManifest.xml:27:13-72
196        <!--
197            Service handling Google Sign-In user revocation. For apps that do not integrate with
198            Google Sign-In, this service will never be started.
199        -->
200        <service
200-->[com.google.android.gms:play-services-auth:20.7.0] AndroidManifest.xml:33:9-37:51
201            android:name="com.google.android.gms.auth.api.signin.RevocationBoundService"
201-->[com.google.android.gms:play-services-auth:20.7.0] AndroidManifest.xml:34:13-89
202            android:exported="true"
202-->[com.google.android.gms:play-services-auth:20.7.0] AndroidManifest.xml:35:13-36
203            android:permission="com.google.android.gms.auth.api.signin.permission.REVOCATION_NOTIFICATION"
203-->[com.google.android.gms:play-services-auth:20.7.0] AndroidManifest.xml:36:13-107
204            android:visibleToInstantApps="true" />
204-->[com.google.android.gms:play-services-auth:20.7.0] AndroidManifest.xml:37:13-48
205
206        <activity
206-->[com.google.android.gms:play-services-base:18.0.1] AndroidManifest.xml:20:9-22:45
207            android:name="com.google.android.gms.common.api.GoogleApiActivity"
207-->[com.google.android.gms:play-services-base:18.0.1] AndroidManifest.xml:20:19-85
208            android:exported="false"
208-->[com.google.android.gms:play-services-base:18.0.1] AndroidManifest.xml:22:19-43
209            android:theme="@android:style/Theme.Translucent.NoTitleBar" />
209-->[com.google.android.gms:play-services-base:18.0.1] AndroidManifest.xml:21:19-78
210
211        <meta-data
211-->[com.google.android.gms:play-services-basement:18.2.0] AndroidManifest.xml:21:9-23:69
212            android:name="com.google.android.gms.version"
212-->[com.google.android.gms:play-services-basement:18.2.0] AndroidManifest.xml:22:13-58
213            android:value="@integer/google_play_services_version" />
213-->[com.google.android.gms:play-services-basement:18.2.0] AndroidManifest.xml:23:13-66
214        <!--
215         The initialization ContentProvider will call FacebookSdk.sdkInitialize automatically
216         with the application context. This config is merged in with the host app's manifest,
217         but there can only be one provider with the same authority activated at any given
218         point; so if the end user has two or more different apps that use Facebook SDK, only the
219         first one will be able to use the provider. To work around this problem, we use the
220         following placeholder in the authority to identify each host application as if it was
221         a completely different provider.
222        -->
223        <provider
223-->[com.facebook.android:facebook-core:16.2.0] AndroidManifest.xml:29:9-32:40
224            android:name="com.facebook.internal.FacebookInitProvider"
224-->[com.facebook.android:facebook-core:16.2.0] AndroidManifest.xml:30:13-70
225            android:authorities="com.example.demo.FacebookInitProvider"
225-->[com.facebook.android:facebook-core:16.2.0] AndroidManifest.xml:31:13-72
226            android:exported="false" />
226-->[com.facebook.android:facebook-core:16.2.0] AndroidManifest.xml:32:13-37
227
228        <receiver
228-->[com.facebook.android:facebook-core:16.2.0] AndroidManifest.xml:34:9-40:20
229            android:name="com.facebook.CurrentAccessTokenExpirationBroadcastReceiver"
229-->[com.facebook.android:facebook-core:16.2.0] AndroidManifest.xml:35:13-86
230            android:exported="false" >
230-->[com.facebook.android:facebook-core:16.2.0] AndroidManifest.xml:36:13-37
231            <intent-filter>
231-->[com.facebook.android:facebook-core:16.2.0] AndroidManifest.xml:37:13-39:29
232                <action android:name="com.facebook.sdk.ACTION_CURRENT_ACCESS_TOKEN_CHANGED" />
232-->[com.facebook.android:facebook-core:16.2.0] AndroidManifest.xml:38:17-95
232-->[com.facebook.android:facebook-core:16.2.0] AndroidManifest.xml:38:25-92
233            </intent-filter>
234        </receiver>
235        <receiver
235-->[com.facebook.android:facebook-core:16.2.0] AndroidManifest.xml:41:9-47:20
236            android:name="com.facebook.AuthenticationTokenManager$CurrentAuthenticationTokenChangedBroadcastReceiver"
236-->[com.facebook.android:facebook-core:16.2.0] AndroidManifest.xml:42:13-118
237            android:exported="false" >
237-->[com.facebook.android:facebook-core:16.2.0] AndroidManifest.xml:43:13-37
238            <intent-filter>
238-->[com.facebook.android:facebook-core:16.2.0] AndroidManifest.xml:44:13-46:29
239                <action android:name="com.facebook.sdk.ACTION_CURRENT_AUTHENTICATION_TOKEN_CHANGED" />
239-->[com.facebook.android:facebook-core:16.2.0] AndroidManifest.xml:45:17-103
239-->[com.facebook.android:facebook-core:16.2.0] AndroidManifest.xml:45:25-100
240            </intent-filter>
241        </receiver>
242    </application>
243
244</manifest>